Сборка начата 16.12.2020 12:58:18.
Уровень детализации журнала: Normal.     1>Проект "C:\Users\Lenovo PC\Desktop\CourseWork\gaa2020\gaa2020\gaa2020.vcxproj" в узле 2 (целевые объекты Build).
     1>InitializeBuildStatus:
         Создание "Debug\gaa2020.tlog\unsuccessfulbuild", так как было задано "AlwaysCreate".
       ClCompile:
         C:\Program Files (x86)\Microsoft Visual Studio\2019\Enterprise\VC\Tools\MSVC\14.27.29110\bin\HostX86\x86\CL.exe /c /ZI /JMC /nologo /W3 /WX- /diagnostics:column /sdl /Od /Oy- /D WIN32 /D _DEBUG /D _CONSOLE /D _UNICODE /D UNICODE /Gm- /EHsc /RTC1 /MDd /GS /fp:precise /permissive- /Zc:wchar_t /Zc:forScope /Zc:inline /Fo"Debug\\" /Fd"Debug\vc142.pdb" /Gd /TP /analyze- /FC /errorReport:prompt GAA2020.cpp
         GAA2020.cpp
     1>C:\Users\Lenovo PC\Desktop\CourseWork\gaa2020\gaa2020\GAA2020.cpp(32,9): warning C4102: Log: неиспользованная метка
       Link:
         C:\Program Files (x86)\Microsoft Visual Studio\2019\Enterprise\VC\Tools\MSVC\14.27.29110\bin\HostX86\x86\link.exe /ERRORREPORT:PROMPT /OUT:"C:\Users\Lenovo PC\Desktop\CourseWork\gaa2020\Debug\gaa2020.exe" /INCREMENTAL /NOLOGO kernel32.lib user32.lib gdi32.lib winspool.lib comdlg32.lib advapi32.lib shell32.lib ole32.lib oleaut32.lib uuid.lib odbc32.lib odbccp32.lib /MANIFEST /MANIFESTUAC:"level='asInvoker' uiAccess='false'" /manifest:embed /DEBUG:FASTLINK /PDB:"C:\Users\Lenovo PC\Desktop\CourseWork\gaa2020\Debug\gaa2020.pdb" /SUBSYSTEM:CONSOLE /TLBID:1 /DYNAMICBASE /NXCOMPAT /IMPLIB:"C:\Users\Lenovo PC\Desktop\CourseWork\gaa2020\Debug\gaa2020.lib" /MACHINE:X86 Debug\LexicalAnalysis.obj
         Debug\CodeGeneration.obj
         Debug\Error.obj
         Debug\ErrorTest.obj
         Debug\FST.obj
         Debug\GAA2020.obj
         Debug\Greibach.obj
         Debug\In.obj
         Debug\IT.obj
         Debug\Log.obj
         Debug\LT.obj
         Debug\MFST.obj
         Debug\Parm.obj
         Debug\Polish.obj
         Debug\SemanticAnalysis.obj
         Debug\Split.obj
         gaa2020.vcxproj -> C:\Users\Lenovo PC\Desktop\CourseWork\gaa2020\Debug\gaa2020.exe
       FinalizeBuildStatus:
         Файл "Debug\gaa2020.tlog\unsuccessfulbuild" удаляется.
         Обращение к "Debug\gaa2020.tlog\gaa2020.lastbuildstate".
     1>Сборка проекта "C:\Users\Lenovo PC\Desktop\CourseWork\gaa2020\gaa2020\gaa2020.vcxproj" завершена (целевые объекты Build).

Сборка успешно завершена.

       "C:\Users\Lenovo PC\Desktop\CourseWork\gaa2020\gaa2020\gaa2020.vcxproj" (целевой объект Build ) (1) ->
       (Целевой объект ClCompile) -> 
         C:\Users\Lenovo PC\Desktop\CourseWork\gaa2020\gaa2020\GAA2020.cpp(32,9): warning C4102: Log: неиспользованная метка

    Предупреждений: 1
    Ошибок: 0

Прошло времени 00:00:05.98
